<?xml version="1.0" encoding="UTF-8"?>
<!-- Generated by org.testng.reporters.JUnitXMLReporter -->
<testsuite hostname="LAPTOP-91EM3E8D" ignored="0" name="Test_SimpliLearn" tests="1" failures="1" timestamp="04 Nov 2017 17:27:14 GMT" time="17.595" errors="0">
  <testcase name="chksimpli" time="17.59" classname="Test.Parameterization_Notepad">
    <failure type="java.lang.ArrayIndexOutOfBoundsException" message="4">
      <![CDATA[java.lang.ArrayIndexOutOfBoundsException: 4
	at Test.Parameterization_Notepad.chksimpli(Parameterization_Notepad.java:30)
... Removed 25 stack frames]]>
    </failure>
  </testcase> <!-- chksimpli -->
</testsuite> <!-- Test_SimpliLearn -->
